The CXX compiler identification could not be found in "D:/projet/extra_libs_open/googletest/build/CMakeFiles/3.4.0/CompilerIdCXX/CompilerIdCXX.vcxproj"

The C compiler identification could not be found in "D:/projet/extra_libs_open/googletest/build/CMakeFiles/3.4.0/CompilerIdC/CompilerIdC.vcxproj"

Determining if the include file pthread.h exists failed with the following output:
Change Dir: D:/projet/extra_libs_open/googletest/build/CMakeFiles/CMakeTmp

Run Build Command:"C:/Program Files (x86)/MSBuild/14.0/bin/MSBuild.exe" "cmTC_6c065.vcxproj" "/p:Configuration=Debug" "/p:VisualStudioVersion=14.0"
Microsoft (R) Build Engine, version 14.0.24720.0
Copyright (C) Microsoft Corporation. Tous droits r‚serv‚s.

La g‚n‚ration a d‚marr‚ 25/12/2015 09:46:06.
La cible "BeforeGenerateProjectPriFile" r‚pertori‚e dans un attribut BeforeTargets … "C:\Program Files (x86)\MSBuild\Microsoft\NuGet\Microsoft.NuGet.targets (186,61)" n'existe pas dans le projet et sera ignor‚e.
Projet "D:\projet\extra_libs_open\googletest\build\CMakeFiles\CMakeTmp\cmTC_6c065.vcxproj" sur le noud 1 (cibles par d‚faut).
PrepareForBuild:
  Cr‚ation du r‚pertoire "cmTC_6c065.dir\Debug\".
  Cr‚ation du r‚pertoire "D:\projet\extra_libs_open\googletest\build\CMakeFiles\CMakeTmp\Debug\".
  Cr‚ation du r‚pertoire "cmTC_6c065.dir\Debug\cmTC_6c065.tlog\".
InitializeBuildStatus:
  Cr‚ation de "cmTC_6c065.dir\Debug\cmTC_6c065.tlog\unsuccessfulbuild", car "AlwaysCreate" a ‚t‚ sp‚cifi‚.
ClCompile:
  C:\Program Files (x86)\Microsoft Visual Studio 14.0\VC\bin\CL.exe /c /Zi /W3 /WX- /Od /Ob0 /Oy- /D WIN32 /D _WINDOWS /D _DEBUG /D "CMAKE_INTDIR=\"Debug\"" /D _MBCS /Gm- /RTC1 /MDd /GS /fp:precise /Zc:wchar_t /Zc:forScope /Zc:inline /Fo"cmTC_6c065.dir\Debug\\" /Fd"cmTC_6c065.dir\Debug\vc140.pdb" /Gd /TC /analyze- /errorReport:queue D:\projet\extra_libs_open\googletest\build\CMakeFiles\CMakeTmp\CheckIncludeFile.c
  Compilateur d'optimisation Microsoft (R) C/C++ versionÿ19.00.23506 pour x86
  Copyright (C) Microsoft Corporation. Tous droits r‚serv‚s.
  
  cl /c /Zi /W3 /WX- /Od /Ob0 /Oy- /D WIN32 /D _WINDOWS /D _DEBUG /D "CMAKE_INTDIR=\"Debug\"" /D _MBCS /Gm- /RTC1 /MDd /GS /fp:precise /Zc:wchar_t /Zc:forScope /Zc:inline /Fo"cmTC_6c065.dir\Debug\\" /Fd"cmTC_6c065.dir\Debug\vc140.pdb" /Gd /TC /analyze- /errorReport:queue D:\projet\extra_libs_open\googletest\build\CMakeFiles\CMakeTmp\CheckIncludeFile.c
  
  CheckIncludeFile.c
D:\projet\extra_libs_open\googletest\build\CMakeFiles\CMakeTmp\CheckIncludeFile.c(1): fatal error C1083: Impossible d'ouvrir le fichier includeÿ: 'pthread.h'ÿ: No such file or directory [D:\projet\extra_libs_open\googletest\build\CMakeFiles\CMakeTmp\cmTC_6c065.vcxproj]
G‚n‚ration du projet "D:\projet\extra_libs_open\googletest\build\CMakeFiles\CMakeTmp\cmTC_6c065.vcxproj" termin‚e (cibles par d‚faut) -- CHEC.

CHEC de la build.

"D:\projet\extra_libs_open\googletest\build\CMakeFiles\CMakeTmp\cmTC_6c065.vcxproj" (cible par d‚faut) (1) ->
(ClCompile cible) -> 
  D:\projet\extra_libs_open\googletest\build\CMakeFiles\CMakeTmp\CheckIncludeFile.c(1): fatal error C1083: Impossible d'ouvrir le fichier includeÿ: 'pthread.h'ÿ: No such file or directory [D:\projet\extra_libs_open\googletest\build\CMakeFiles\CMakeTmp\cmTC_6c065.vcxproj]

    0 Avertissement(s)
    1 Erreur(s)

Temps ‚coul‚ 00:00:00.88


